1649095922628	geckodriver	INFO	Listening on 127.0.0.1:64696
1649095925700	mozrunner::runner	INFO	Running command: "C:\\Program Files\\Mozilla Firefox\\firefox.exe" "--marionette" "--remote-debugging-port" "64697" "-no-remote" "-profile" "C:\\Users\\dhima\\AppData\\Local\\Temp\\rust_mozprofileAMXvsh"
1649095926602	Marionette	INFO	Marionette enabled
console.warn: SearchSettings: "get: No settings file exists, new profile?" (new NotFoundError("Could not open the file at C:\\Users\\dhima\\AppData\\Local\\Temp\\rust_mozprofileAMXvsh\\search.json.mozlz4", (void 0)))
DevTools listening on ws://localhost:64697/devtools/browser/ad796c47-619c-48df-af07-8b0a6980f2ce
1649095928921	Marionette	INFO	Listening on port 64703
1649095928995	RemoteAgent	WARN	TLS certificate errors will be ignored for this session
1649095931030	Marionette	INFO	Stopped listening on port 64703

###!!! [Parent][PGPUParent] Error: RunMessage(msgname=PGPU::Msg_ShutdownVR) Channel closing: too late to send/recv, messages will be lost

1649095931753	geckodriver	INFO	Listening on 127.0.0.1:64746
1649095934835	mozrunner::runner	INFO	Running command: "C:\\Program Files\\Mozilla Firefox\\firefox.exe" "--marionette" "--remote-debugging-port" "64747" "-no-remote" "-profile" "C:\\Users\\dhima\\AppData\\Local\\Temp\\rust_mozprofile8fWRFa"
1649095935162	Marionette	INFO	Marionette enabled
console.warn: SearchSettings: "get: No settings file exists, new profile?" (new NotFoundError("Could not open the file at C:\\Users\\dhima\\AppData\\Local\\Temp\\rust_mozprofile8fWRFa\\search.json.mozlz4", (void 0)))
DevTools listening on ws://localhost:64747/devtools/browser/c7146dc8-ce06-493e-b5c3-4ffd6a8c1314
1649095937011	Marionette	INFO	Listening on port 64752
1649095937505	RemoteAgent	WARN	TLS certificate errors will be ignored for this session
console.warn: LoginRecipes: "getRecipes: falling back to a synchronous message for:" "https://admin-demo.nopcommerce.com"
console.warn: LoginRecipes: "getRecipes: falling back to a synchronous message for:" "https://admin-demo.nopcommerce.com"
JavaScript error: resource://gre/modules/LoginManagerParent.jsm, line 136: TypeError: gRecipeManager is null
1649095942140	Marionette	INFO	Stopped listening on port 64752
1649441525477	geckodriver	INFO	Listening on 127.0.0.1:63654
1649441528600	mozrunner::runner	INFO	Running command: "C:\\Program Files\\Mozilla Firefox\\firefox.exe" "--marionette" "--remote-debugging-port" "63655" "-no-remote" "-profile" "C:\\Users\\dhima\\AppData\\Local\\Temp\\rust_mozprofileJ4fKe5"
1649441530138	Marionette	INFO	Marionette enabled
console.warn: SearchSettings: "get: No settings file exists, new profile?" (new NotFoundError("Could not open the file at C:\\Users\\dhima\\AppData\\Local\\Temp\\rust_mozprofileJ4fKe5\\search.json.mozlz4", (void 0)))
DevTools listening on ws://localhost:63655/devtools/browser/8b00be48-100f-4a68-a5da-74bdf92e02ca
1649441534617	Marionette	INFO	Listening on port 63660
1649441535134	RemoteAgent	WARN	TLS certificate errors will be ignored for this session
console.warn: LoginRecipes: "getRecipes: falling back to a synchronous message for:" "https://admin-demo.nopcommerce.com"
console.warn: LoginRecipes: "getRecipes: falling back to a synchronous message for:" "https://admin-demo.nopcommerce.com"
JavaScript error: resource://gre/modules/LoginManagerParent.jsm, line 136: TypeError: gRecipeManager is null
1649441545592	Marionette	WARN	TimedPromise timed out after 500 ms: stacktrace:
TimedPromise/<@chrome://remote/content/marionette/sync.js:235:19
TimedPromise@chrome://remote/content/marionette/sync.js:220:10
interaction.flushEventLoop@chrome://remote/content/marionette/interaction.js:431:10
webdriverClickElement@chrome://remote/content/marionette/interaction.js:179:31
send@https://admin-demo.nopcommerce.com/lib_npm/jquery/jquery.min.js?v=meexYto0mAKr6PjyeE37ROc-We8:2:82613
ajax@https://admin-demo.nopcommerce.com/lib_npm/jquery/jquery.min.js?v=meexYto0mAKr6PjyeE37ROc-We8:2:78223
n.ajax@https://admin-demo.nopcommerce.com/js/CustomerList.Footer.scripts.js?v=xmzoCAzW3rGfXyFMlwN0-pJR2Ow:86:4297
t@https://admin-demo.nopcommerce.com/js/CustomerList.Footer.scripts.js?v=xmzoCAzW3rGfXyFMlwN0-pJR2Ow:92:42174
initOnce@https://admin-demo.nopcommerce.com/js/CustomerList.Footer.scripts.js?v=xmzoCAzW3rGfXyFMlwN0-pJR2Ow:92:42576
init@https://admin-demo.nopcommerce.com/js/CustomerList.Footer.scripts.js?v=xmzoCAzW3rGfXyFMlwN0-pJR2Ow:92:43224
@https://admin-demo.nopcommerce.com/Admin/Customer/List:1375:46
e@https://admin-demo.nopcommerce.com/lib_npm/jquery/jquery.min.js?v=meexYto0mAKr6PjyeE37ROc-We8:2:30005
Deferred/then/l/</t<@https://admin-demo.nopcommerce.com/lib_npm/jquery/jquery.min.js?v=meexYto0mAKr6PjyeE37ROc-We8:2:30307
1649441546511	geckodriver	INFO	Listening on 127.0.0.1:63708
1649441549612	mozrunner::runner	INFO	Running command: "C:\\Program Files\\Mozilla Firefox\\firefox.exe" "--marionette" "--remote-debugging-port" "63709" "-no-remote" "-profile" "C:\\Users\\dhima\\AppData\\Local\\Temp\\rust_mozprofiletfJUh6"
1649441550866	Marionette	INFO	Marionette enabled
console.warn: SearchSettings: "get: No settings file exists, new profile?" (new NotFoundError("Could not open the file at C:\\Users\\dhima\\AppData\\Local\\Temp\\rust_mozprofiletfJUh6\\search.json.mozlz4", (void 0)))
DevTools listening on ws://localhost:63709/devtools/browser/a76342ff-2cfe-4a66-9379-b185e7611555
1649441554532	Marionette	INFO	Listening on port 63714
1649441555026	RemoteAgent	WARN	TLS certificate errors will be ignored for this session
console.warn: LoginRecipes: "getRecipes: falling back to a synchronous message for:" "https://admin-demo.nopcommerce.com"
console.warn: LoginRecipes: "getRecipes: falling back to a synchronous message for:" "https://admin-demo.nopcommerce.com"
JavaScript error: resource://gre/modules/LoginManagerParent.jsm, line 136: TypeError: gRecipeManager is null
1649441559535	Marionette	INFO	Stopped listening on port 63714

###!!! [Parent][PContentParent] Error: Send(msgname=PContent::Msg_DestroyBrowsingContextGroup) Closed channel: cannot send/recv

