04/08/2022 11:41:15 PM: INFO: generated new fontManager
04/08/2022 11:41:17 PM: INFO: ************* Test_003_AddCustomer **********
04/08/2022 11:41:25 PM: INFO: ************* Login successful **********
04/08/2022 11:41:25 PM: INFO: ******* Starting Add Customer Test **********
04/08/2022 11:41:30 PM: INFO: ************* Providing customer info **********
04/08/2022 11:41:50 PM: INFO: ************* Saving customer info **********
04/08/2022 11:41:50 PM: INFO: ********* Add customer validation started *****************
04/08/2022 11:41:50 PM: INFO: ********* Add customer Test Passed *********
04/08/2022 11:41:50 PM: INFO: ******* Ending Add customer test **********
04/08/2022 11:41:52 PM: INFO: *********  Verifying Login Test  ***********
04/08/2022 11:42:00 PM: INFO: *********  Login test is passed  ***********
04/08/2022 11:42:15 PM: INFO: ************* Test_003_AddCustomer **********
04/08/2022 11:42:21 PM: INFO: ************* Login successful **********
04/08/2022 11:42:21 PM: INFO: ******* Starting Add Customer Test **********
04/08/2022 11:42:25 PM: INFO: ************* Providing customer info **********
04/08/2022 11:42:35 PM: INFO: *********  Verifying Login Test  ***********
04/08/2022 11:42:39 PM: INFO: *********  Login test is passed  ***********
04/08/2022 11:44:02 PM: INFO: ************* Test_003_AddCustomer **********
04/08/2022 11:44:09 PM: INFO: ************* Login successful **********
04/08/2022 11:44:09 PM: INFO: ******* Starting Add Customer Test **********
04/08/2022 11:44:14 PM: INFO: ************* Providing customer info **********
04/08/2022 11:44:33 PM: INFO: ************* Saving customer info **********
04/08/2022 11:44:33 PM: INFO: ********* Add customer validation started *****************
04/08/2022 11:44:33 PM: INFO: ********* Add customer Test Passed *********
04/08/2022 11:44:34 PM: INFO: ******* Ending Add customer test **********
04/08/2022 11:44:35 PM: INFO: *********  Verifying Login Test  ***********
04/08/2022 11:44:41 PM: INFO: *********  Login test is passed  ***********
